<?xml version="1.0" encoding="UTF-8"?>
<!-- Generated by org.testng.reporters.JUnitReportReporter -->
<testsuite hostname="LAPTOP-ENSSOPJS" failures="0" tests="2" name="testRunner.TestRun" time="0.159" errors="0" timestamp="2022-11-15T18:09:09 EST" skipped="0">
  <testcase classname="testRunner.TestRun" name="runScenario" time="0.025"/>
  <system-out/>
  <testcase classname="testRunner.TestRun" name="runScenario" time="0.134"/>
  <system-out/>
</testsuite> <!-- testRunner.TestRun -->
